(status): Nexxim version: 2023.2.0 WIN64, build time: May 16 2023, 23:37:21

(status): Analyzing C:/Users/fthgl/Documents/Ansoft/stripline/2/COPSTRP2.aedtresults/Circuit1/temp/DV7_S5_V87.cir.
(info): Processing circuit for new analysis.
omp(status): Requested number of threads in UI setting is 1
circuit_details(status): Total device types: 5
device type                                       number of devices
----------------------------------------------------------------------
capacitor                                         1
field_solver_cosim                                1
inductor                                          1
port_impedance                                    2
resistor                                          1
(status): License checkout took 0.598 seconds.
models:field_solver_cosim(status): fieldsolver:5 - Cosimulation data transfer complete. Number of freq points = 401.
(info): Starting analysis type LNA.
analysis:dc(status): Total DC newton iterations = 4, DC conv = 1.
analysis:small_signal:lna(warning): Z parameters invalid due to singularity that may be caused by floating nodes/ports.
(status): LNA cpu time = 0.01
(info): Simulation succeeded. Total simulator time: 0:00:01
(status): Start Time:  05/23/2024 18:14:51, End Time:  05/23/2024 18:14:52, Host DESKTOP-51UAIET, 
